{"__type":"$$EventMessageWorkflow","id":"f2a7a1b7-8a36-423f-ae39-0b30a2756fd8","ts":"2025-06-17T04:07:44.435+00:00","eventName":"n8n.workflow.started","message":"n8n.workflow.started","payload":{"executionId":"2","workflowId":"qEh0F6F0XlqJCmGX","isManual":false,"workflowName":"My workflow"}}
{"__type":"$$EventMessageConfirm","confirm":"f2a7a1b7-8a36-423f-ae39-0b30a2756fd8","ts":"2025-06-17T04:07:44.436+00:00","source":{"id":"0","name":"eventBus"}}
{"__type":"$$EventMessageNode","id":"2a546cfb-6947-4163-89f9-9a6f5bc2c933","ts":"2025-06-17T04:07:44.441+00:00","eventName":"n8n.node.started","message":"n8n.node.started","payload":{"workflowId":"qEh0F6F0XlqJCmGX","workflowName":"My workflow","executionId":"2","nodeType":"n8n-nodes-base.httpRequest","nodeName":"HTTP Request"}}
{"__type":"$$EventMessageConfirm","confirm":"2a546cfb-6947-4163-89f9-9a6f5bc2c933","ts":"2025-06-17T04:07:44.442+00:00","source":{"id":"0","name":"eventBus"}}
{"__type":"$$EventMessageNode","id":"1f4fad43-975a-4bbe-a5ca-4af783fecc45","ts":"2025-06-17T01:07:44.666-03:00","eventName":"n8n.node.finished","message":"n8n.node.finished","payload":{"workflowId":"qEh0F6F0XlqJCmGX","workflowName":"My workflow","executionId":"2","nodeType":"n8n-nodes-base.httpRequest","nodeName":"HTTP Request"}}
{"__type":"$$EventMessageConfirm","confirm":"1f4fad43-975a-4bbe-a5ca-4af783fecc45","ts":"2025-06-17T01:07:44.667-03:00","source":{"id":"0","name":"eventBus"}}
{"__type":"$$EventMessageWorkflow","id":"e7437144-3a32-43df-aa1c-c5aa6f60c214","ts":"2025-06-17T01:07:44.675-03:00","eventName":"n8n.workflow.failed","message":"n8n.workflow.failed","payload":{"executionId":"2","userId":"6b5e4591-a076-4099-8f53-9dd73e76b136","success":false,"isManual":true,"workflowId":"qEh0F6F0XlqJCmGX","workflowName":"My workflow","lastNodeExecuted":"HTTP Request","errorNodeType":"n8n-nodes-base.httpRequest","errorMessage":"The service refused the connection - perhaps it is offline"}}
{"__type":"$$EventMessageConfirm","confirm":"e7437144-3a32-43df-aa1c-c5aa6f60c214","ts":"2025-06-17T01:07:44.675-03:00","source":{"id":"0","name":"eventBus"}}
{"__type":"$$EventMessageWorkflow","id":"044b1d41-85c6-41d7-84bd-1d8ef8a73f0e","ts":"2025-06-17T01:09:38.998-03:00","eventName":"n8n.workflow.started","message":"n8n.workflow.started","payload":{"executionId":"3","workflowId":"qEh0F6F0XlqJCmGX","isManual":false,"workflowName":"My workflow"}}
{"__type":"$$EventMessageConfirm","confirm":"044b1d41-85c6-41d7-84bd-1d8ef8a73f0e","ts":"2025-06-17T01:09:39.000-03:00","source":{"id":"0","name":"eventBus"}}
{"__type":"$$EventMessageNode","id":"50286bf1-edab-4054-8ab7-8127b9f95059","ts":"2025-06-17T01:09:39.002-03:00","eventName":"n8n.node.started","message":"n8n.node.started","payload":{"workflowId":"qEh0F6F0XlqJCmGX","workflowName":"My workflow","executionId":"3","nodeType":"n8n-nodes-base.httpRequest","nodeName":"HTTP Request"}}
{"__type":"$$EventMessageConfirm","confirm":"50286bf1-edab-4054-8ab7-8127b9f95059","ts":"2025-06-17T01:09:39.002-03:00","source":{"id":"0","name":"eventBus"}}
{"__type":"$$EventMessageNode","id":"b259e91b-6482-4fde-b866-c335ea26e654","ts":"2025-06-17T01:09:39.038-03:00","eventName":"n8n.node.finished","message":"n8n.node.finished","payload":{"workflowId":"qEh0F6F0XlqJCmGX","workflowName":"My workflow","executionId":"3","nodeType":"n8n-nodes-base.httpRequest","nodeName":"HTTP Request"}}
{"__type":"$$EventMessageConfirm","confirm":"b259e91b-6482-4fde-b866-c335ea26e654","ts":"2025-06-17T01:09:39.039-03:00","source":{"id":"0","name":"eventBus"}}
{"__type":"$$EventMessageWorkflow","id":"8d553d78-1d62-488b-a7e7-aabd9833b5d4","ts":"2025-06-17T01:09:39.047-03:00","eventName":"n8n.workflow.failed","message":"n8n.workflow.failed","payload":{"executionId":"3","userId":"6b5e4591-a076-4099-8f53-9dd73e76b136","success":false,"isManual":true,"workflowId":"qEh0F6F0XlqJCmGX","workflowName":"My workflow","lastNodeExecuted":"HTTP Request","errorNodeType":"n8n-nodes-base.httpRequest","errorMessage":"The service refused the connection - perhaps it is offline"}}
{"__type":"$$EventMessageConfirm","confirm":"8d553d78-1d62-488b-a7e7-aabd9833b5d4","ts":"2025-06-17T01:09:39.048-03:00","source":{"id":"0","name":"eventBus"}}
{"__type":"$$EventMessageWorkflow","id":"e33adedd-1367-4062-be19-0ab554a1a762","ts":"2025-06-17T01:09:42.059-03:00","eventName":"n8n.workflow.started","message":"n8n.workflow.started","payload":{"executionId":"4","workflowId":"qEh0F6F0XlqJCmGX","isManual":false,"workflowName":"My workflow"}}
{"__type":"$$EventMessageConfirm","confirm":"e33adedd-1367-4062-be19-0ab554a1a762","ts":"2025-06-17T01:09:42.059-03:00","source":{"id":"0","name":"eventBus"}}
{"__type":"$$EventMessageNode","id":"4a3f853c-a985-485a-90bc-056b87a86ea1","ts":"2025-06-17T01:09:42.060-03:00","eventName":"n8n.node.started","message":"n8n.node.started","payload":{"workflowId":"qEh0F6F0XlqJCmGX","workflowName":"My workflow","executionId":"4","nodeType":"n8n-nodes-base.httpRequest","nodeName":"HTTP Request"}}
{"__type":"$$EventMessageConfirm","confirm":"4a3f853c-a985-485a-90bc-056b87a86ea1","ts":"2025-06-17T01:09:42.061-03:00","source":{"id":"0","name":"eventBus"}}
{"__type":"$$EventMessageNode","id":"17b0a994-3a63-442e-a7e5-89d9de7d3efb","ts":"2025-06-17T01:09:42.083-03:00","eventName":"n8n.node.finished","message":"n8n.node.finished","payload":{"workflowId":"qEh0F6F0XlqJCmGX","workflowName":"My workflow","executionId":"4","nodeType":"n8n-nodes-base.httpRequest","nodeName":"HTTP Request"}}
{"__type":"$$EventMessageConfirm","confirm":"17b0a994-3a63-442e-a7e5-89d9de7d3efb","ts":"2025-06-17T01:09:42.083-03:00","source":{"id":"0","name":"eventBus"}}
{"__type":"$$EventMessageWorkflow","id":"7240468d-ddc9-48a2-8a62-d096dd4d446d","ts":"2025-06-17T01:09:42.088-03:00","eventName":"n8n.workflow.failed","message":"n8n.workflow.failed","payload":{"executionId":"4","userId":"6b5e4591-a076-4099-8f53-9dd73e76b136","success":false,"isManual":true,"workflowId":"qEh0F6F0XlqJCmGX","workflowName":"My workflow","lastNodeExecuted":"HTTP Request","errorNodeType":"n8n-nodes-base.httpRequest","errorMessage":"The service refused the connection - perhaps it is offline"}}
{"__type":"$$EventMessageConfirm","confirm":"7240468d-ddc9-48a2-8a62-d096dd4d446d","ts":"2025-06-17T01:09:42.088-03:00","source":{"id":"0","name":"eventBus"}}
{"__type":"$$EventMessageWorkflow","id":"e2ad7099-2561-4ad7-94f8-8acf92c32ba8","ts":"2025-06-17T01:09:43.993-03:00","eventName":"n8n.workflow.started","message":"n8n.workflow.started","payload":{"executionId":"5","workflowId":"qEh0F6F0XlqJCmGX","isManual":false,"workflowName":"My workflow"}}
{"__type":"$$EventMessageConfirm","confirm":"e2ad7099-2561-4ad7-94f8-8acf92c32ba8","ts":"2025-06-17T01:09:43.994-03:00","source":{"id":"0","name":"eventBus"}}
{"__type":"$$EventMessageNode","id":"03bdbad3-4bba-4a78-8875-a6abd0c75619","ts":"2025-06-17T01:09:43.994-03:00","eventName":"n8n.node.started","message":"n8n.node.started","payload":{"workflowId":"qEh0F6F0XlqJCmGX","workflowName":"My workflow","executionId":"5","nodeType":"n8n-nodes-base.httpRequest","nodeName":"HTTP Request"}}
{"__type":"$$EventMessageConfirm","confirm":"03bdbad3-4bba-4a78-8875-a6abd0c75619","ts":"2025-06-17T01:09:43.995-03:00","source":{"id":"0","name":"eventBus"}}
{"__type":"$$EventMessageNode","id":"48517e33-ddc8-4b56-8c23-c23c88f98aa2","ts":"2025-06-17T01:09:44.010-03:00","eventName":"n8n.node.finished","message":"n8n.node.finished","payload":{"workflowId":"qEh0F6F0XlqJCmGX","workflowName":"My workflow","executionId":"5","nodeType":"n8n-nodes-base.httpRequest","nodeName":"HTTP Request"}}
{"__type":"$$EventMessageConfirm","confirm":"48517e33-ddc8-4b56-8c23-c23c88f98aa2","ts":"2025-06-17T01:09:44.010-03:00","source":{"id":"0","name":"eventBus"}}
{"__type":"$$EventMessageWorkflow","id":"6ac13d05-05e5-4d28-869b-9d4f526538b4","ts":"2025-06-17T01:09:44.015-03:00","eventName":"n8n.workflow.failed","message":"n8n.workflow.failed","payload":{"executionId":"5","userId":"6b5e4591-a076-4099-8f53-9dd73e76b136","success":false,"isManual":true,"workflowId":"qEh0F6F0XlqJCmGX","workflowName":"My workflow","lastNodeExecuted":"HTTP Request","errorNodeType":"n8n-nodes-base.httpRequest","errorMessage":"The service refused the connection - perhaps it is offline"}}
{"__type":"$$EventMessageConfirm","confirm":"6ac13d05-05e5-4d28-869b-9d4f526538b4","ts":"2025-06-17T01:09:44.016-03:00","source":{"id":"0","name":"eventBus"}}
{"__type":"$$EventMessageAudit","id":"788d5c7a-5e1b-4efe-a98e-c4bccace02c8","ts":"2025-06-17T01:10:19.317-03:00","eventName":"n8n.audit.user.credentials.updated","message":"n8n.audit.user.credentials.updated","payload":{"userId":"6b5e4591-a076-4099-8f53-9dd73e76b136","_email":"welligtoncos@gmail.com","_firstName":"welligton","_lastName":"costa","globalRole":"global:owner","credentialType":"httpBearerAuth","credentialId":"aeIWMWcd4376Ev5Z"}}
{"__type":"$$EventMessageConfirm","confirm":"788d5c7a-5e1b-4efe-a98e-c4bccace02c8","ts":"2025-06-17T01:10:19.317-03:00","source":{"id":"0","name":"eventBus"}}
{"__type":"$$EventMessageWorkflow","id":"3e958276-8410-4cca-b4d9-443ca3d44b1b","ts":"2025-06-17T01:10:20.921-03:00","eventName":"n8n.workflow.started","message":"n8n.workflow.started","payload":{"executionId":"6","workflowId":"qEh0F6F0XlqJCmGX","isManual":false,"workflowName":"My workflow"}}
{"__type":"$$EventMessageConfirm","confirm":"3e958276-8410-4cca-b4d9-443ca3d44b1b","ts":"2025-06-17T01:10:20.921-03:00","source":{"id":"0","name":"eventBus"}}
{"__type":"$$EventMessageNode","id":"ab812ba4-6a06-4224-b551-c0c880899a7a","ts":"2025-06-17T01:10:20.925-03:00","eventName":"n8n.node.started","message":"n8n.node.started","payload":{"workflowId":"qEh0F6F0XlqJCmGX","workflowName":"My workflow","executionId":"6","nodeType":"n8n-nodes-base.httpRequest","nodeName":"HTTP Request"}}
{"__type":"$$EventMessageConfirm","confirm":"ab812ba4-6a06-4224-b551-c0c880899a7a","ts":"2025-06-17T01:10:20.925-03:00","source":{"id":"0","name":"eventBus"}}
{"__type":"$$EventMessageNode","id":"e5ffb3ab-3f28-40e8-970a-f89b751a6455","ts":"2025-06-17T01:10:20.945-03:00","eventName":"n8n.node.finished","message":"n8n.node.finished","payload":{"workflowId":"qEh0F6F0XlqJCmGX","workflowName":"My workflow","executionId":"6","nodeType":"n8n-nodes-base.httpRequest","nodeName":"HTTP Request"}}
{"__type":"$$EventMessageConfirm","confirm":"e5ffb3ab-3f28-40e8-970a-f89b751a6455","ts":"2025-06-17T01:10:20.946-03:00","source":{"id":"0","name":"eventBus"}}
{"__type":"$$EventMessageWorkflow","id":"7a5972e6-d863-4e05-89e8-43fc194f32c0","ts":"2025-06-17T01:10:20.949-03:00","eventName":"n8n.workflow.failed","message":"n8n.workflow.failed","payload":{"executionId":"6","userId":"6b5e4591-a076-4099-8f53-9dd73e76b136","success":false,"isManual":true,"workflowId":"qEh0F6F0XlqJCmGX","workflowName":"My workflow","lastNodeExecuted":"HTTP Request","errorNodeType":"n8n-nodes-base.httpRequest","errorMessage":"The service refused the connection - perhaps it is offline"}}
{"__type":"$$EventMessageConfirm","confirm":"7a5972e6-d863-4e05-89e8-43fc194f32c0","ts":"2025-06-17T01:10:20.949-03:00","source":{"id":"0","name":"eventBus"}}
{"__type":"$$EventMessageWorkflow","id":"296c71a1-a4a3-414a-a445-1e5200469d83","ts":"2025-06-17T01:11:09.524-03:00","eventName":"n8n.workflow.started","message":"n8n.workflow.started","payload":{"executionId":"7","workflowId":"qEh0F6F0XlqJCmGX","isManual":false,"workflowName":"My workflow"}}
{"__type":"$$EventMessageConfirm","confirm":"296c71a1-a4a3-414a-a445-1e5200469d83","ts":"2025-06-17T01:11:09.525-03:00","source":{"id":"0","name":"eventBus"}}
{"__type":"$$EventMessageNode","id":"a243b7e1-eba5-40b6-9225-1b35b827c773","ts":"2025-06-17T01:11:09.526-03:00","eventName":"n8n.node.started","message":"n8n.node.started","payload":{"workflowId":"qEh0F6F0XlqJCmGX","workflowName":"My workflow","executionId":"7","nodeType":"n8n-nodes-base.httpRequest","nodeName":"HTTP Request"}}
{"__type":"$$EventMessageConfirm","confirm":"a243b7e1-eba5-40b6-9225-1b35b827c773","ts":"2025-06-17T01:11:09.526-03:00","source":{"id":"0","name":"eventBus"}}
{"__type":"$$EventMessageNode","id":"a8cccf5b-f6c5-4549-983a-fe207a4cbef4","ts":"2025-06-17T01:11:09.546-03:00","eventName":"n8n.node.finished","message":"n8n.node.finished","payload":{"workflowId":"qEh0F6F0XlqJCmGX","workflowName":"My workflow","executionId":"7","nodeType":"n8n-nodes-base.httpRequest","nodeName":"HTTP Request"}}
{"__type":"$$EventMessageConfirm","confirm":"a8cccf5b-f6c5-4549-983a-fe207a4cbef4","ts":"2025-06-17T01:11:09.546-03:00","source":{"id":"0","name":"eventBus"}}
{"__type":"$$EventMessageWorkflow","id":"1edb0d73-b4a9-418d-992a-20537201de97","ts":"2025-06-17T01:11:09.556-03:00","eventName":"n8n.workflow.failed","message":"n8n.workflow.failed","payload":{"executionId":"7","userId":"6b5e4591-a076-4099-8f53-9dd73e76b136","success":false,"isManual":true,"workflowId":"qEh0F6F0XlqJCmGX","workflowName":"My workflow","lastNodeExecuted":"HTTP Request","errorNodeType":"n8n-nodes-base.httpRequest","errorMessage":"The service refused the connection - perhaps it is offline"}}
{"__type":"$$EventMessageConfirm","confirm":"1edb0d73-b4a9-418d-992a-20537201de97","ts":"2025-06-17T01:11:09.556-03:00","source":{"id":"0","name":"eventBus"}}
{"__type":"$$EventMessageWorkflow","id":"aa013054-889b-49af-bc74-8571452f6d0e","ts":"2025-06-17T01:11:13.777-03:00","eventName":"n8n.workflow.started","message":"n8n.workflow.started","payload":{"executionId":"8","workflowId":"qEh0F6F0XlqJCmGX","isManual":false,"workflowName":"My workflow"}}
{"__type":"$$EventMessageConfirm","confirm":"aa013054-889b-49af-bc74-8571452f6d0e","ts":"2025-06-17T01:11:13.777-03:00","source":{"id":"0","name":"eventBus"}}
{"__type":"$$EventMessageNode","id":"68125160-2d8f-4633-82e9-161bf36f0f2b","ts":"2025-06-17T01:11:13.778-03:00","eventName":"n8n.node.started","message":"n8n.node.started","payload":{"workflowId":"qEh0F6F0XlqJCmGX","workflowName":"My workflow","executionId":"8","nodeType":"n8n-nodes-base.httpRequest","nodeName":"HTTP Request"}}
{"__type":"$$EventMessageConfirm","confirm":"68125160-2d8f-4633-82e9-161bf36f0f2b","ts":"2025-06-17T01:11:13.778-03:00","source":{"id":"0","name":"eventBus"}}
{"__type":"$$EventMessageNode","id":"4a61f2f2-c153-40c9-8ffc-5172a52024ad","ts":"2025-06-17T01:11:13.796-03:00","eventName":"n8n.node.finished","message":"n8n.node.finished","payload":{"workflowId":"qEh0F6F0XlqJCmGX","workflowName":"My workflow","executionId":"8","nodeType":"n8n-nodes-base.httpRequest","nodeName":"HTTP Request"}}
{"__type":"$$EventMessageConfirm","confirm":"4a61f2f2-c153-40c9-8ffc-5172a52024ad","ts":"2025-06-17T01:11:13.796-03:00","source":{"id":"0","name":"eventBus"}}
{"__type":"$$EventMessageWorkflow","id":"2b8f3d64-d640-4236-916d-f9af7832518c","ts":"2025-06-17T01:11:13.801-03:00","eventName":"n8n.workflow.failed","message":"n8n.workflow.failed","payload":{"executionId":"8","userId":"6b5e4591-a076-4099-8f53-9dd73e76b136","success":false,"isManual":true,"workflowId":"qEh0F6F0XlqJCmGX","workflowName":"My workflow","lastNodeExecuted":"HTTP Request","errorNodeType":"n8n-nodes-base.httpRequest","errorMessage":"The service refused the connection - perhaps it is offline"}}
{"__type":"$$EventMessageConfirm","confirm":"2b8f3d64-d640-4236-916d-f9af7832518c","ts":"2025-06-17T01:11:13.801-03:00","source":{"id":"0","name":"eventBus"}}
{"__type":"$$EventMessageWorkflow","id":"43621fa3-1463-4cbb-a175-9c13f13e4e98","ts":"2025-06-17T01:11:24.318-03:00","eventName":"n8n.workflow.started","message":"n8n.workflow.started","payload":{"executionId":"9","workflowId":"qEh0F6F0XlqJCmGX","isManual":false,"workflowName":"My workflow"}}
{"__type":"$$EventMessageConfirm","confirm":"43621fa3-1463-4cbb-a175-9c13f13e4e98","ts":"2025-06-17T01:11:24.319-03:00","source":{"id":"0","name":"eventBus"}}
{"__type":"$$EventMessageNode","id":"5e4dbeae-e6a2-472c-ba11-bab031413ac4","ts":"2025-06-17T01:11:24.320-03:00","eventName":"n8n.node.started","message":"n8n.node.started","payload":{"workflowId":"qEh0F6F0XlqJCmGX","workflowName":"My workflow","executionId":"9","nodeType":"n8n-nodes-base.httpRequest","nodeName":"HTTP Request"}}
{"__type":"$$EventMessageConfirm","confirm":"5e4dbeae-e6a2-472c-ba11-bab031413ac4","ts":"2025-06-17T01:11:24.320-03:00","source":{"id":"0","name":"eventBus"}}
{"__type":"$$EventMessageNode","id":"15a6c2ec-66f6-442e-9b7c-ac02356bcee0","ts":"2025-06-17T01:11:24.337-03:00","eventName":"n8n.node.finished","message":"n8n.node.finished","payload":{"workflowId":"qEh0F6F0XlqJCmGX","workflowName":"My workflow","executionId":"9","nodeType":"n8n-nodes-base.httpRequest","nodeName":"HTTP Request"}}
{"__type":"$$EventMessageConfirm","confirm":"15a6c2ec-66f6-442e-9b7c-ac02356bcee0","ts":"2025-06-17T01:11:24.337-03:00","source":{"id":"0","name":"eventBus"}}
{"__type":"$$EventMessageWorkflow","id":"a2f2174c-f858-40fc-b7af-d417c1fb8655","ts":"2025-06-17T01:11:24.341-03:00","eventName":"n8n.workflow.failed","message":"n8n.workflow.failed","payload":{"executionId":"9","userId":"6b5e4591-a076-4099-8f53-9dd73e76b136","success":false,"isManual":true,"workflowId":"qEh0F6F0XlqJCmGX","workflowName":"My workflow","lastNodeExecuted":"HTTP Request","errorNodeType":"n8n-nodes-base.httpRequest","errorMessage":"Unsupported protocol localhost:"}}
{"__type":"$$EventMessageConfirm","confirm":"a2f2174c-f858-40fc-b7af-d417c1fb8655","ts":"2025-06-17T01:11:24.341-03:00","source":{"id":"0","name":"eventBus"}}
{"__type":"$$EventMessageWorkflow","id":"2fdb5ce1-8aea-453b-be6d-ab457ece9980","ts":"2025-06-17T01:11:30.070-03:00","eventName":"n8n.workflow.started","message":"n8n.workflow.started","payload":{"executionId":"10","workflowId":"qEh0F6F0XlqJCmGX","isManual":false,"workflowName":"My workflow"}}
{"__type":"$$EventMessageConfirm","confirm":"2fdb5ce1-8aea-453b-be6d-ab457ece9980","ts":"2025-06-17T01:11:30.071-03:00","source":{"id":"0","name":"eventBus"}}
{"__type":"$$EventMessageNode","id":"853ce91d-1a7f-4459-9ebe-30b5f251f831","ts":"2025-06-17T01:11:30.072-03:00","eventName":"n8n.node.started","message":"n8n.node.started","payload":{"workflowId":"qEh0F6F0XlqJCmGX","workflowName":"My workflow","executionId":"10","nodeType":"n8n-nodes-base.httpRequest","nodeName":"HTTP Request"}}
{"__type":"$$EventMessageConfirm","confirm":"853ce91d-1a7f-4459-9ebe-30b5f251f831","ts":"2025-06-17T01:11:30.072-03:00","source":{"id":"0","name":"eventBus"}}
{"__type":"$$EventMessageNode","id":"8b4b23fe-f198-4330-975e-7fb20e72a1e3","ts":"2025-06-17T01:11:30.089-03:00","eventName":"n8n.node.finished","message":"n8n.node.finished","payload":{"workflowId":"qEh0F6F0XlqJCmGX","workflowName":"My workflow","executionId":"10","nodeType":"n8n-nodes-base.httpRequest","nodeName":"HTTP Request"}}
{"__type":"$$EventMessageConfirm","confirm":"8b4b23fe-f198-4330-975e-7fb20e72a1e3","ts":"2025-06-17T01:11:30.089-03:00","source":{"id":"0","name":"eventBus"}}
{"__type":"$$EventMessageWorkflow","id":"6380cae1-4b43-4160-bc52-64c9d3f21db5","ts":"2025-06-17T01:11:30.094-03:00","eventName":"n8n.workflow.failed","message":"n8n.workflow.failed","payload":{"executionId":"10","userId":"6b5e4591-a076-4099-8f53-9dd73e76b136","success":false,"isManual":true,"workflowId":"qEh0F6F0XlqJCmGX","workflowName":"My workflow","lastNodeExecuted":"HTTP Request","errorNodeType":"n8n-nodes-base.httpRequest","errorMessage":"The service refused the connection - perhaps it is offline"}}
{"__type":"$$EventMessageConfirm","confirm":"6380cae1-4b43-4160-bc52-64c9d3f21db5","ts":"2025-06-17T01:11:30.095-03:00","source":{"id":"0","name":"eventBus"}}
{"__type":"$$EventMessageWorkflow","id":"a659f2f6-bc8e-400e-a02b-23bba0befc2b","ts":"2025-06-17T01:12:40.588-03:00","eventName":"n8n.workflow.started","message":"n8n.workflow.started","payload":{"executionId":"11","workflowId":"qEh0F6F0XlqJCmGX","isManual":false,"workflowName":"My workflow"}}
{"__type":"$$EventMessageConfirm","confirm":"a659f2f6-bc8e-400e-a02b-23bba0befc2b","ts":"2025-06-17T01:12:40.588-03:00","source":{"id":"0","name":"eventBus"}}
{"__type":"$$EventMessageNode","id":"603f0986-1a5f-4f57-96f3-3061144e6a6d","ts":"2025-06-17T01:12:40.590-03:00","eventName":"n8n.node.started","message":"n8n.node.started","payload":{"workflowId":"qEh0F6F0XlqJCmGX","workflowName":"My workflow","executionId":"11","nodeType":"n8n-nodes-base.httpRequest","nodeName":"HTTP Request"}}
{"__type":"$$EventMessageConfirm","confirm":"603f0986-1a5f-4f57-96f3-3061144e6a6d","ts":"2025-06-17T01:12:40.590-03:00","source":{"id":"0","name":"eventBus"}}
{"__type":"$$EventMessageNode","id":"b70d46ff-fd9a-4f97-a808-8730fb624e9f","ts":"2025-06-17T01:12:40.605-03:00","eventName":"n8n.node.finished","message":"n8n.node.finished","payload":{"workflowId":"qEh0F6F0XlqJCmGX","workflowName":"My workflow","executionId":"11","nodeType":"n8n-nodes-base.httpRequest","nodeName":"HTTP Request"}}
{"__type":"$$EventMessageConfirm","confirm":"b70d46ff-fd9a-4f97-a808-8730fb624e9f","ts":"2025-06-17T01:12:40.605-03:00","source":{"id":"0","name":"eventBus"}}
{"__type":"$$EventMessageWorkflow","id":"d5d0e4c0-6367-4539-9e67-69dfdcd81f8a","ts":"2025-06-17T01:12:40.608-03:00","eventName":"n8n.workflow.failed","message":"n8n.workflow.failed","payload":{"executionId":"11","userId":"6b5e4591-a076-4099-8f53-9dd73e76b136","success":false,"isManual":true,"workflowId":"qEh0F6F0XlqJCmGX","workflowName":"My workflow","lastNodeExecuted":"HTTP Request","errorNodeType":"n8n-nodes-base.httpRequest","errorMessage":"The service refused the connection - perhaps it is offline"}}
{"__type":"$$EventMessageConfirm","confirm":"d5d0e4c0-6367-4539-9e67-69dfdcd81f8a","ts":"2025-06-17T01:12:40.608-03:00","source":{"id":"0","name":"eventBus"}}
{"__type":"$$EventMessageWorkflow","id":"32dc78e6-7e43-4906-ba0a-82a38dd8e906","ts":"2025-06-17T01:13:30.976-03:00","eventName":"n8n.workflow.started","message":"n8n.workflow.started","payload":{"executionId":"12","workflowId":"qEh0F6F0XlqJCmGX","isManual":false,"workflowName":"My workflow"}}
{"__type":"$$EventMessageConfirm","confirm":"32dc78e6-7e43-4906-ba0a-82a38dd8e906","ts":"2025-06-17T01:13:30.977-03:00","source":{"id":"0","name":"eventBus"}}
{"__type":"$$EventMessageNode","id":"b785e678-a41e-4c3e-a9fe-502ac217d37d","ts":"2025-06-17T01:13:30.978-03:00","eventName":"n8n.node.started","message":"n8n.node.started","payload":{"workflowId":"qEh0F6F0XlqJCmGX","workflowName":"My workflow","executionId":"12","nodeType":"n8n-nodes-base.httpRequest","nodeName":"HTTP Request"}}
{"__type":"$$EventMessageConfirm","confirm":"b785e678-a41e-4c3e-a9fe-502ac217d37d","ts":"2025-06-17T01:13:30.978-03:00","source":{"id":"0","name":"eventBus"}}
{"__type":"$$EventMessageNode","id":"6fc38410-97e2-43ea-8c56-773673f33b05","ts":"2025-06-17T01:13:31.062-03:00","eventName":"n8n.node.finished","message":"n8n.node.finished","payload":{"workflowId":"qEh0F6F0XlqJCmGX","workflowName":"My workflow","executionId":"12","nodeType":"n8n-nodes-base.httpRequest","nodeName":"HTTP Request"}}
{"__type":"$$EventMessageConfirm","confirm":"6fc38410-97e2-43ea-8c56-773673f33b05","ts":"2025-06-17T01:13:31.062-03:00","source":{"id":"0","name":"eventBus"}}
{"__type":"$$EventMessageWorkflow","id":"25db93f0-083a-41c7-aa7d-901853763504","ts":"2025-06-17T01:13:31.071-03:00","eventName":"n8n.workflow.success","message":"n8n.workflow.success","payload":{"executionId":"12","userId":"6b5e4591-a076-4099-8f53-9dd73e76b136","success":true,"isManual":true,"workflowId":"qEh0F6F0XlqJCmGX","workflowName":"My workflow"}}
{"__type":"$$EventMessageConfirm","confirm":"25db93f0-083a-41c7-aa7d-901853763504","ts":"2025-06-17T01:13:31.071-03:00","source":{"id":"0","name":"eventBus"}}
{"__type":"$$EventMessageWorkflow","id":"ea04c591-633f-416e-b469-8558d3590b9d","ts":"2025-06-17T01:14:26.657-03:00","eventName":"n8n.workflow.started","message":"n8n.workflow.started","payload":{"executionId":"13","workflowId":"qEh0F6F0XlqJCmGX","isManual":false,"workflowName":"My workflow"}}
{"__type":"$$EventMessageConfirm","confirm":"ea04c591-633f-416e-b469-8558d3590b9d","ts":"2025-06-17T01:14:26.657-03:00","source":{"id":"0","name":"eventBus"}}
{"__type":"$$EventMessageNode","id":"1daa8b69-849f-4938-be18-f5d2393b3519","ts":"2025-06-17T01:14:26.658-03:00","eventName":"n8n.node.started","message":"n8n.node.started","payload":{"workflowId":"qEh0F6F0XlqJCmGX","workflowName":"My workflow","executionId":"13","nodeType":"n8n-nodes-base.httpRequest","nodeName":"HTTP Request1"}}
{"__type":"$$EventMessageConfirm","confirm":"1daa8b69-849f-4938-be18-f5d2393b3519","ts":"2025-06-17T01:14:26.658-03:00","source":{"id":"0","name":"eventBus"}}
{"__type":"$$EventMessageNode","id":"1bd46047-8bea-42ce-ada7-8f8a0e14bb74","ts":"2025-06-17T01:14:26.731-03:00","eventName":"n8n.node.finished","message":"n8n.node.finished","payload":{"workflowId":"qEh0F6F0XlqJCmGX","workflowName":"My workflow","executionId":"13","nodeType":"n8n-nodes-base.httpRequest","nodeName":"HTTP Request1"}}
{"__type":"$$EventMessageConfirm","confirm":"1bd46047-8bea-42ce-ada7-8f8a0e14bb74","ts":"2025-06-17T01:14:26.731-03:00","source":{"id":"0","name":"eventBus"}}
{"__type":"$$EventMessageWorkflow","id":"15f23d3a-b785-42ab-8f06-9d63f868b0ba","ts":"2025-06-17T01:14:26.738-03:00","eventName":"n8n.workflow.failed","message":"n8n.workflow.failed","payload":{"executionId":"13","userId":"6b5e4591-a076-4099-8f53-9dd73e76b136","success":false,"isManual":true,"workflowId":"qEh0F6F0XlqJCmGX","workflowName":"My workflow","lastNodeExecuted":"HTTP Request1","errorNodeType":"n8n-nodes-base.httpRequest","errorMessage":"The resource you are requesting could not be found"}}
{"__type":"$$EventMessageConfirm","confirm":"15f23d3a-b785-42ab-8f06-9d63f868b0ba","ts":"2025-06-17T01:14:26.738-03:00","source":{"id":"0","name":"eventBus"}}
{"__type":"$$EventMessageWorkflow","id":"5f52dd5a-1fc9-4ee5-b39f-bddcc82bf1d2","ts":"2025-06-17T01:15:01.843-03:00","eventName":"n8n.workflow.started","message":"n8n.workflow.started","payload":{"executionId":"14","workflowId":"qEh0F6F0XlqJCmGX","isManual":false,"workflowName":"My workflow"}}
{"__type":"$$EventMessageConfirm","confirm":"5f52dd5a-1fc9-4ee5-b39f-bddcc82bf1d2","ts":"2025-06-17T01:15:01.843-03:00","source":{"id":"0","name":"eventBus"}}
{"__type":"$$EventMessageNode","id":"6f0ef3d5-2abc-4c08-bfd3-9e718af8663b","ts":"2025-06-17T01:15:01.844-03:00","eventName":"n8n.node.started","message":"n8n.node.started","payload":{"workflowId":"qEh0F6F0XlqJCmGX","workflowName":"My workflow","executionId":"14","nodeType":"n8n-nodes-base.httpRequest","nodeName":"HTTP Request1"}}
{"__type":"$$EventMessageConfirm","confirm":"6f0ef3d5-2abc-4c08-bfd3-9e718af8663b","ts":"2025-06-17T01:15:01.844-03:00","source":{"id":"0","name":"eventBus"}}
{"__type":"$$EventMessageWorkflow","id":"1d115346-fa27-48ab-898d-217f3e9572c6","ts":"2025-06-17T01:16:26.273-03:00","eventName":"n8n.workflow.failed","message":"n8n.workflow.failed","payload":{"executionId":"14","userId":"6b5e4591-a076-4099-8f53-9dd73e76b136","success":false,"isManual":true,"workflowId":"qEh0F6F0XlqJCmGX","workflowName":"My workflow"}}
{"__type":"$$EventMessageConfirm","confirm":"1d115346-fa27-48ab-898d-217f3e9572c6","ts":"2025-06-17T01:16:26.273-03:00","source":{"id":"0","name":"eventBus"}}
{"__type":"$$EventMessageWorkflow","id":"5415536a-e7a7-43aa-8c79-e427f9af1d48","ts":"2025-06-17T01:16:29.948-03:00","eventName":"n8n.workflow.started","message":"n8n.workflow.started","payload":{"executionId":"15","workflowId":"qEh0F6F0XlqJCmGX","isManual":false,"workflowName":"My workflow"}}
{"__type":"$$EventMessageConfirm","confirm":"5415536a-e7a7-43aa-8c79-e427f9af1d48","ts":"2025-06-17T01:16:29.948-03:00","source":{"id":"0","name":"eventBus"}}
{"__type":"$$EventMessageNode","id":"bf06f403-1c17-488f-93f9-f7e017d0e717","ts":"2025-06-17T01:16:29.950-03:00","eventName":"n8n.node.started","message":"n8n.node.started","payload":{"workflowId":"qEh0F6F0XlqJCmGX","workflowName":"My workflow","executionId":"15","nodeType":"n8n-nodes-base.manualTrigger","nodeName":"When clicking ‘Test workflow’"}}
{"__type":"$$EventMessageConfirm","confirm":"bf06f403-1c17-488f-93f9-f7e017d0e717","ts":"2025-06-17T01:16:29.950-03:00","source":{"id":"0","name":"eventBus"}}
{"__type":"$$EventMessageNode","id":"56812476-93f5-450a-85ff-0cdbb11a9a6f","ts":"2025-06-17T01:16:29.955-03:00","eventName":"n8n.node.finished","message":"n8n.node.finished","payload":{"workflowId":"qEh0F6F0XlqJCmGX","workflowName":"My workflow","executionId":"15","nodeType":"n8n-nodes-base.manualTrigger","nodeName":"When clicking ‘Test workflow’"}}
{"__type":"$$EventMessageConfirm","confirm":"56812476-93f5-450a-85ff-0cdbb11a9a6f","ts":"2025-06-17T01:16:29.956-03:00","source":{"id":"0","name":"eventBus"}}
{"__type":"$$EventMessageNode","id":"c4a360dc-fc2e-4cdd-bce2-658381e2692a","ts":"2025-06-17T01:16:29.957-03:00","eventName":"n8n.node.started","message":"n8n.node.started","payload":{"workflowId":"qEh0F6F0XlqJCmGX","workflowName":"My workflow","executionId":"15","nodeType":"n8n-nodes-base.httpRequest","nodeName":"HTTP Request"}}
{"__type":"$$EventMessageConfirm","confirm":"c4a360dc-fc2e-4cdd-bce2-658381e2692a","ts":"2025-06-17T01:16:29.957-03:00","source":{"id":"0","name":"eventBus"}}
{"__type":"$$EventMessageNode","id":"23427427-1e94-444f-b8a6-fee3b5f46c69","ts":"2025-06-17T01:16:29.980-03:00","eventName":"n8n.node.finished","message":"n8n.node.finished","payload":{"workflowId":"qEh0F6F0XlqJCmGX","workflowName":"My workflow","executionId":"15","nodeType":"n8n-nodes-base.httpRequest","nodeName":"HTTP Request"}}
{"__type":"$$EventMessageConfirm","confirm":"23427427-1e94-444f-b8a6-fee3b5f46c69","ts":"2025-06-17T01:16:29.980-03:00","source":{"id":"0","name":"eventBus"}}
{"__type":"$$EventMessageNode","id":"63ed8d92-6cae-44a0-9dfc-c7a442eb0434","ts":"2025-06-17T01:16:29.981-03:00","eventName":"n8n.node.started","message":"n8n.node.started","payload":{"workflowId":"qEh0F6F0XlqJCmGX","workflowName":"My workflow","executionId":"15","nodeType":"n8n-nodes-base.httpRequest","nodeName":"HTTP Request1"}}
{"__type":"$$EventMessageConfirm","confirm":"63ed8d92-6cae-44a0-9dfc-c7a442eb0434","ts":"2025-06-17T01:16:29.981-03:00","source":{"id":"0","name":"eventBus"}}
{"__type":"$$EventMessageNode","id":"f6a14dea-d280-46d8-a4a6-897454e56712","ts":"2025-06-17T01:17:49.453-03:00","eventName":"n8n.node.finished","message":"n8n.node.finished","payload":{"workflowId":"qEh0F6F0XlqJCmGX","workflowName":"My workflow","executionId":"15","nodeType":"n8n-nodes-base.httpRequest","nodeName":"HTTP Request1"}}
{"__type":"$$EventMessageConfirm","confirm":"f6a14dea-d280-46d8-a4a6-897454e56712","ts":"2025-06-17T01:17:49.454-03:00","source":{"id":"0","name":"eventBus"}}
{"__type":"$$EventMessageWorkflow","id":"782c6fb6-c942-4b88-91a4-0e5f451eb13d","ts":"2025-06-17T01:17:49.459-03:00","eventName":"n8n.workflow.failed","message":"n8n.workflow.failed","payload":{"executionId":"15","userId":"6b5e4591-a076-4099-8f53-9dd73e76b136","success":false,"isManual":true,"workflowId":"qEh0F6F0XlqJCmGX","workflowName":"My workflow","lastNodeExecuted":"HTTP Request1","errorNodeType":"n8n-nodes-base.httpRequest","errorMessage":"The connection to the server was closed unexpectedly, perhaps it is offline. You can retry the request immediately or wait and retry later."}}
{"__type":"$$EventMessageConfirm","confirm":"782c6fb6-c942-4b88-91a4-0e5f451eb13d","ts":"2025-06-17T01:17:49.460-03:00","source":{"id":"0","name":"eventBus"}}
